<?xml version="1.0" encoding="UTF-8"?>
<testsuite xmlns:xsi="http://www.w3.org/2001/XMLSchema-instance" xsi:noNamespaceSchemaLocation="https://maven.apache.org/surefire/maven-surefire-plugin/xsd/surefire-test-report.xsd" version="3.0.2" name="com.bootcamp.group2.runners.junit5.JUnit5Runner" time="6.056" tests="18" errors="0" skipped="17" failures="0">
  <properties>
[...]
</properties>
  <testcase name="Example #1.3" classname="Examples" time="0.0">
    <skipped message="&apos;cucumber.filter.tags=@sakit&apos; did not match this scenario"/>
    <system-out><![CDATA[15:04:26,525 |-INFO in ch.qos.logback.classic.LoggerContext[default] - This is logback-classic version 1.5.17
15:04:26,526 |-INFO in ch.qos.logback.classic.util.ContextInitializer@258c4e2c - No custom configurators were discovered as a service.
15:04:26,526 |-INFO in ch.qos.logback.classic.util.ContextInitializer@258c4e2c - Trying to configure with ch.qos.logback.classic.joran.SerializedModelConfigurator
15:04:26,527 |-INFO in ch.qos.logback.classic.util.ContextInitializer@258c4e2c - Constructed configurator of type class ch.qos.logback.classic.joran.SerializedModelConfigurator
15:04:26,529 |-INFO in ch.qos.logback.classic.LoggerContext[default] - Could NOT find resource [logback-test.scmo]
15:04:26,530 |-INFO in ch.qos.logback.classic.LoggerContext[default] - Could NOT find resource [logback.scmo]
15:04:26,535 |-INFO in ch.qos.logback.classic.util.ContextInitializer@258c4e2c - ch.qos.logback.classic.joran.SerializedModelConfigurator.configure() call lasted 3 milliseconds. ExecutionStatus=INVOKE_NEXT_IF_ANY
15:04:26,535 |-INFO in ch.qos.logback.classic.util.ContextInitializer@258c4e2c - Trying to configure with ch.qos.logback.classic.util.DefaultJoranConfigurator
15:04:26,535 |-INFO in ch.qos.logback.classic.util.ContextInitializer@258c4e2c - Constructed configurator of type class ch.qos.logback.classic.util.DefaultJoranConfigurator
15:04:26,538 |-INFO in ch.qos.logback.classic.LoggerContext[default] - Found resource [logback-test.xml] at [file:/C:/Users/rasyi/OneDrive/Documents/sqa/TA_KEL2/target/test-classes/logback-test.xml]
15:04:26,613 |-INFO in ch.qos.logback.core.model.processor.AppenderModelHandler - Processing appender named [CONSOLE]
15:04:26,613 |-INFO in ch.qos.logback.core.model.processor.AppenderModelHandler - About to instantiate appender of type [ch.qos.logback.core.ConsoleAppender]
15:04:26,618 |-INFO in ch.qos.logback.core.model.processor.ImplicitModelHandler - Assuming default type [ch.qos.logback.classic.encoder.PatternLayoutEncoder] for [encoder] property
15:04:26,664 |-INFO in ch.qos.logback.core.ConsoleAppender[CONSOLE] - BEWARE: Writing to the console can be very slow. Avoid logging to the 
15:04:26,664 |-INFO in ch.qos.logback.core.ConsoleAppender[CONSOLE] - console in production environments, especially in high volume systems.
15:04:26,664 |-INFO in ch.qos.logback.core.ConsoleAppender[CONSOLE] - See also https://logback.qos.ch/codes.html#slowConsole
15:04:26,664 |-INFO in ch.qos.logback.core.model.processor.AppenderModelHandler - Processing appender named [FILE]
15:04:26,664 |-INFO in ch.qos.logback.core.model.processor.AppenderModelHandler - About to instantiate appender of type [ch.qos.logback.core.rolling.RollingFileAppender]
15:04:26,681 |-INFO in c.q.l.core.rolling.TimeBasedRollingPolicy@760211142 - setting totalSizeCap to 100 MB
15:04:26,685 |-INFO in c.q.l.core.rolling.TimeBasedRollingPolicy@760211142 - No compression will be used
15:04:26,686 |-INFO in c.q.l.core.rolling.TimeBasedRollingPolicy@760211142 - Will use the pattern reports/logs/automation.%d{yyyy-MM-dd}.%i.log for the active file
15:04:26,686 |-WARN in ch.qos.logback.core.rolling.SizeAndTimeBasedFNATP@659eb4cb - SizeAndTimeBasedFNATP class was renamed as SizeAndTimeBasedFileNamingAndTriggeringPolicy.
15:04:26,688 |-INFO in ch.qos.logback.core.rolling.SizeAndTimeBasedFNATP@659eb4cb - The date pattern is 'yyyy-MM-dd' from file name pattern 'reports/logs/automation.%d{yyyy-MM-dd}.%i.log'.
15:04:26,688 |-INFO in ch.qos.logback.core.rolling.SizeAndTimeBasedFNATP@659eb4cb - Roll-over at midnight.
15:04:26,689 |-INFO in ch.qos.logback.core.rolling.SizeAndTimeBasedFNATP@659eb4cb - Setting initial period to 2026-06-26T08:03:35.093Z
15:04:26,689 |-WARN in ch.qos.logback.core.rolling.SizeAndTimeBasedFNATP@659eb4cb - Direct use of either SizeAndTimeBasedFNATP or SizeAndTimeBasedFileNamingAndTriggeringPolicy 
15:04:26,689 |-WARN in ch.qos.logback.core.rolling.SizeAndTimeBasedFNATP@659eb4cb - is deprecated. Please use SizeAndTimeBasedRollingPolicy instead.
15:04:26,689 |-WARN in ch.qos.logback.core.rolling.SizeAndTimeBasedFNATP@659eb4cb - For more information see https://logback.qos.ch/manual/appenders.html#SizeAndTimeBasedRollingPolicy
15:04:26,691 |-INFO in ch.qos.logback.core.model.processor.ImplicitModelHandler - Assuming default type [ch.qos.logback.classic.encoder.PatternLayoutEncoder] for [encoder] property
15:04:26,693 |-INFO in ch.qos.logback.core.rolling.RollingFileAppender[FILE] - Active log file name: reports/logs/automation.log
15:04:26,694 |-INFO in ch.qos.logback.core.rolling.RollingFileAppender[FILE] - Setting currentFileLength to 73691 for reports\logs\automation.log
15:04:26,694 |-INFO in ch.qos.logback.core.rolling.RollingFileAppender[FILE] - File property is set to [reports/logs/automation.log]
15:04:26,695 |-INFO in ch.qos.logback.classic.model.processor.LoggerModelHandler - Setting level of logger [org.openqa.selenium] to WARN
15:04:26,695 |-INFO in ch.qos.logback.classic.model.processor.LoggerModelHandler - Setting level of logger [io.github.bonigarcia] to WARN
15:04:26,695 |-INFO in ch.qos.logback.classic.model.processor.LoggerModelHandler - Setting level of logger [com.microsoft.playwright] to WARN
15:04:26,695 |-INFO in ch.qos.logback.classic.model.processor.LoggerModelHandler - Setting level of logger [io.restassured] to WARN
15:04:26,695 |-INFO in ch.qos.logback.classic.model.processor.LoggerModelHandler - Setting level of logger [org.apache.http] to WARN
15:04:26,695 |-INFO in ch.qos.logback.classic.model.processor.LoggerModelHandler - Setting level of logger [com.bootcamp.group2] to INFO
15:04:26,695 |-INFO in ch.qos.logback.classic.model.processor.RootLoggerModelHandler - Setting level of ROOT logger to INFO
15:04:26,696 |-INFO in ch.qos.logback.core.model.processor.AppenderRefModelHandler - Attaching appender named [CONSOLE] to Logger[ROOT]
15:04:26,696 |-INFO in ch.qos.logback.core.model.processor.AppenderRefModelHandler - Attaching appender named [FILE] to Logger[ROOT]
15:04:26,696 |-INFO in ch.qos.logback.core.model.processor.DefaultProcessor@4f6f5953 - End of configuration.
15:04:26,696 |-INFO in ch.qos.logback.classic.joran.JoranConfigurator@85593bc - Registering current configuration as safe fallback point
15:04:26,696 |-INFO in ch.qos.logback.classic.util.ContextInitializer@258c4e2c - ch.qos.logback.classic.util.DefaultJoranConfigurator.configure() call lasted 161 milliseconds. ExecutionStatus=DO_NOT_INVOKE_NEXT_IF_ANY

15:04:26.944 [ForkJoinPool-2-worker-1] INFO  c.b.group2.utils.ConfigManager - Loading configuration for environment: dev
15:04:26.983 [ForkJoinPool-2-worker-1] INFO  com.bootcamp.group2.hooks.Hooks - Suite started | env=dev | platform=MOBILE
]]></system-out>
  </testcase>
  <testcase name="Example #1.3" classname="Examples" time="0.0">
    <skipped message="&apos;cucumber.filter.tags=@sakit&apos; did not match this scenario"/>
  </testcase>
  <testcase name="Example #1.2" classname="Examples" time="0.0">
    <skipped message="&apos;cucumber.filter.tags=@sakit&apos; did not match this scenario"/>
  </testcase>
  <testcase name="Example #1.2" classname="Examples" time="0.0">
    <skipped message="&apos;cucumber.filter.tags=@sakit&apos; did not match this scenario"/>
  </testcase>
  <testcase name="Example #1.1" classname="Examples" time="0.0">
    <skipped message="&apos;cucumber.filter.tags=@sakit&apos; did not match this scenario"/>
  </testcase>
  <testcase name="Example #1.1" classname="Examples" time="0.0">
    <skipped message="&apos;cucumber.filter.tags=@sakit&apos; did not match this scenario"/>
  </testcase>
  <testcase name="Login successful with valid credentials" classname="Web Login — HADIR" time="0.0">
    <skipped message="&apos;cucumber.filter.tags=@sakit&apos; did not match this scenario"/>
  </testcase>
  <testcase name="Login fails with incorrect password" classname="Web Login — HADIR" time="0.0">
    <skipped message="&apos;cucumber.filter.tags=@sakit&apos; did not match this scenario"/>
  </testcase>
  <testcase name="Login fails with unregistered email" classname="Web Login — HADIR" time="0.0">
    <skipped message="&apos;cucumber.filter.tags=@sakit&apos; did not match this scenario"/>
  </testcase>
  <testcase name="Login fails with empty password" classname="Web Login — HADIR" time="0.0">
    <skipped message="&apos;cucumber.filter.tags=@sakit&apos; did not match this scenario"/>
  </testcase>
  <testcase name="Login fails with empty email" classname="Web Login — HADIR" time="0.0">
    <skipped message="&apos;cucumber.filter.tags=@sakit&apos; did not match this scenario"/>
  </testcase>
  <testcase name="Mobile login successful with valid credentials" classname="Mobile Login — HADIR" time="0.0">
    <skipped message="&apos;cucumber.filter.tags=@sakit&apos; did not match this scenario"/>
  </testcase>
  <testcase name="Forgot Password button is visible on mobile login page" classname="Mobile Login — HADIR" time="0.0">
    <skipped message="&apos;cucumber.filter.tags=@sakit&apos; did not match this scenario"/>
  </testcase>
  <testcase name="Mobile login fails with incorrect password" classname="Mobile Login — HADIR" time="0.0">
    <skipped message="&apos;cucumber.filter.tags=@sakit&apos; did not match this scenario"/>
  </testcase>
  <testcase name="Mobile login fails with unregistered email" classname="Mobile Login — HADIR" time="0.0">
    <skipped message="&apos;cucumber.filter.tags=@sakit&apos; did not match this scenario"/>
  </testcase>
  <testcase name="Mobile login fails with empty email" classname="Mobile Login — HADIR" time="0.0">
    <skipped message="&apos;cucumber.filter.tags=@sakit&apos; did not match this scenario"/>
  </testcase>
  <testcase name="Mobile login fails with empty password" classname="Mobile Login — HADIR" time="0.0">
    <skipped message="&apos;cucumber.filter.tags=@sakit&apos; did not match this scenario"/>
  </testcase>
  <testcase name="Berhasil mengakses halaman Ajukan Sakit" classname="Mobile Menu Sakit" time="4.773">
    <system-out><![CDATA[
@mobile @sakit
Scenario: Berhasil mengakses halaman Ajukan Sakit      &amp#27;[90m# features/ui/mobile/m_sakit/sakit.feature:8&amp#27;[0m
15:04:27.407 [ForkJoinPool-2-worker-3] INFO  com.bootcamp.group2.hooks.Hooks - Starting: Berhasil mengakses halaman Ajukan Sakit
15:04:27.415 [ForkJoinPool-2-worker-3] INFO  c.b.group2.utils.DriverFactory - Initializing WebDriver | browser=chrome | headless=false | remote=false | platform=MOBILE
15:04:29.038 [ForkJoinPool-2-worker-3] INFO  c.b.group2.utils.DriverFactory - WebDriver successfully initialized for thread: ForkJoinPool-2-worker-3
15:04:29.100 [ForkJoinPool-2-worker-3] INFO  c.b.g.p.mobile.login.MobileLoginPage - Opening URL: https://magang.dikahadir.com/absen/login
  &amp#27;[32mWhen &amp#27;[0m&amp#27;[32muser logs in using valid mobile credentials&amp#27;[0m     &amp#27;[90m# com.bootcamp.group2.steps.ui.mobile.login.MobileLoginSteps.userLogsInUsingValidMobileCredentials()&amp#27;[0m
  &amp#27;[32mThen &amp#27;[0m&amp#27;[32muser successfully navigates to mobile dashboard&amp#27;[0m &amp#27;[90m# com.bootcamp.group2.steps.ui.mobile.login.MobileLoginSteps.userSuccessfullyNavigatesToMobileDashboard()&amp#27;[0m
  &amp#27;[32mWhen &amp#27;[0m&amp#27;[32muser clicks menu Sakit&amp#27;[0m                          &amp#27;[90m# com.bootcamp.group2.steps.ui.mobile.m_sakit.MobileMenuSakitSteps.userClicksMenuSakit()&amp#27;[0m
  &amp#27;[32mAnd &amp#27;[0m&amp#27;[32muser clicks button Ajukan Sakit&amp#27;[0m                  &amp#27;[90m# com.bootcamp.group2.steps.ui.mobile.m_sakit.MobileMenuSakitSteps.userClicksButtonAjukanSakit()&amp#27;[0m
  &amp#27;[32mAnd &amp#27;[0m&amp#27;[32muser clicks Access Alarm icon&amp#27;[0m                    &amp#27;[90m# com.bootcamp.group2.steps.ui.mobile.m_sakit.MobileMenuSakitSteps.userClicksAccessAlarmIcon()&amp#27;[0m
15:04:31.829 [ForkJoinPool-2-worker-3] INFO  c.b.group2.utils.DriverFactory - Closing WebDriver for thread: ForkJoinPool-2-worker-3
15:04:31.991 [ForkJoinPool-2-worker-3] INFO  com.bootcamp.group2.hooks.Hooks - Finished: Berhasil mengakses halaman Ajukan Sakit — Status: PASSED
]]></system-out>
    <system-err><![CDATA[Jun 26, 2026 3:04:28 PM org.openqa.selenium.devtools.CdpVersionFinder findNearestMatch
WARNING: Unable to find CDP implementation matching 149
Jun 26, 2026 3:04:28 PM org.openqa.selenium.chromium.ChromiumDriver lambda$new$5
WARNING: Unable to find version of CDP to use for 149.0.7827.155. You may need to include a dependency on a specific version of the CDP using something similar to `org.seleniumhq.selenium:selenium-devtools-v86:4.27.0` where the version ("v86") matches the version of the chromium-based browser you're using and the version number of the artifact is the same as Selenium's.
]]></system-err>
  </testcase>
</testsuite>