<?xml version="1.0" encoding="UTF-8"?>
<testsuite xmlns:xsi="http://www.w3.org/2001/XMLSchema-instance" xsi:noNamespaceSchemaLocation="https://maven.apache.org/surefire/maven-surefire-plugin/xsd/surefire-test-report.xsd" version="3.0.2" name="com.bootcamp.group2.runners.junit5.JUnit5Runner" time="15.465" tests="20" errors="0" skipped="18" failures="0">
  <properties>
[...]
</properties>
  <testcase name="Example #1.3" classname="Examples" time="0.0">
    <skipped message="&apos;cucumber.filter.tags=@cuti&apos; did not match this scenario"/>
    <system-out><![CDATA[15:57:50,147 |-INFO in ch.qos.logback.classic.LoggerContext[default] - This is logback-classic version 1.5.17
15:57:50,148 |-INFO in ch.qos.logback.classic.util.ContextInitializer@46eb214 - No custom configurators were discovered as a service.
15:57:50,148 |-INFO in ch.qos.logback.classic.util.ContextInitializer@46eb214 - Trying to configure with ch.qos.logback.classic.joran.SerializedModelConfigurator
15:57:50,149 |-INFO in ch.qos.logback.classic.util.ContextInitializer@46eb214 - Constructed configurator of type class ch.qos.logback.classic.joran.SerializedModelConfigurator
15:57:50,151 |-INFO in ch.qos.logback.classic.LoggerContext[default] - Could NOT find resource [logback-test.scmo]
15:57:50,151 |-INFO in ch.qos.logback.classic.LoggerContext[default] - Could NOT find resource [logback.scmo]
15:57:50,155 |-INFO in ch.qos.logback.classic.util.ContextInitializer@46eb214 - ch.qos.logback.classic.joran.SerializedModelConfigurator.configure() call lasted 3 milliseconds. ExecutionStatus=INVOKE_NEXT_IF_ANY
15:57:50,155 |-INFO in ch.qos.logback.classic.util.ContextInitializer@46eb214 - Trying to configure with ch.qos.logback.classic.util.DefaultJoranConfigurator
15:57:50,155 |-INFO in ch.qos.logback.classic.util.ContextInitializer@46eb214 - Constructed configurator of type class ch.qos.logback.classic.util.DefaultJoranConfigurator
15:57:50,157 |-INFO in ch.qos.logback.classic.LoggerContext[default] - Found resource [logback-test.xml] at [file:/C:/Users/Windows11/Documents/sqa/TA_KEL2/target/test-classes/logback-test.xml]
15:57:50,221 |-INFO in ch.qos.logback.core.model.processor.AppenderModelHandler - Processing appender named [CONSOLE]
15:57:50,221 |-INFO in ch.qos.logback.core.model.processor.AppenderModelHandler - About to instantiate appender of type [ch.qos.logback.core.ConsoleAppender]
15:57:50,226 |-INFO in ch.qos.logback.core.model.processor.ImplicitModelHandler - Assuming default type [ch.qos.logback.classic.encoder.PatternLayoutEncoder] for [encoder] property
15:57:50,253 |-INFO in ch.qos.logback.core.ConsoleAppender[CONSOLE] - BEWARE: Writing to the console can be very slow. Avoid logging to the 
15:57:50,253 |-INFO in ch.qos.logback.core.ConsoleAppender[CONSOLE] - console in production environments, especially in high volume systems.
15:57:50,253 |-INFO in ch.qos.logback.core.ConsoleAppender[CONSOLE] - See also https://logback.qos.ch/codes.html#slowConsole
15:57:50,253 |-INFO in ch.qos.logback.core.model.processor.AppenderModelHandler - Processing appender named [FILE]
15:57:50,253 |-INFO in ch.qos.logback.core.model.processor.AppenderModelHandler - About to instantiate appender of type [ch.qos.logback.core.rolling.RollingFileAppender]
15:57:50,265 |-INFO in c.q.l.core.rolling.TimeBasedRollingPolicy@1777695988 - setting totalSizeCap to 100 MB
15:57:50,269 |-INFO in c.q.l.core.rolling.TimeBasedRollingPolicy@1777695988 - No compression will be used
15:57:50,270 |-INFO in c.q.l.core.rolling.TimeBasedRollingPolicy@1777695988 - Will use the pattern reports/logs/automation.%d{yyyy-MM-dd}.%i.log for the active file
15:57:50,270 |-WARN in ch.qos.logback.core.rolling.SizeAndTimeBasedFNATP@ac27ed0 - SizeAndTimeBasedFNATP class was renamed as SizeAndTimeBasedFileNamingAndTriggeringPolicy.
15:57:50,274 |-INFO in ch.qos.logback.core.rolling.SizeAndTimeBasedFNATP@ac27ed0 - The date pattern is 'yyyy-MM-dd' from file name pattern 'reports/logs/automation.%d{yyyy-MM-dd}.%i.log'.
15:57:50,274 |-INFO in ch.qos.logback.core.rolling.SizeAndTimeBasedFNATP@ac27ed0 - Roll-over at midnight.
15:57:50,276 |-INFO in ch.qos.logback.core.rolling.SizeAndTimeBasedFNATP@ac27ed0 - Setting initial period to 2026-06-28T08:55:17.903Z
15:57:50,276 |-WARN in ch.qos.logback.core.rolling.SizeAndTimeBasedFNATP@ac27ed0 - Direct use of either SizeAndTimeBasedFNATP or SizeAndTimeBasedFileNamingAndTriggeringPolicy 
15:57:50,276 |-WARN in ch.qos.logback.core.rolling.SizeAndTimeBasedFNATP@ac27ed0 - is deprecated. Please use SizeAndTimeBasedRollingPolicy instead.
15:57:50,276 |-WARN in ch.qos.logback.core.rolling.SizeAndTimeBasedFNATP@ac27ed0 - For more information see https://logback.qos.ch/manual/appenders.html#SizeAndTimeBasedRollingPolicy
15:57:50,277 |-INFO in ch.qos.logback.core.model.processor.ImplicitModelHandler - Assuming default type [ch.qos.logback.classic.encoder.PatternLayoutEncoder] for [encoder] property
15:57:50,280 |-INFO in ch.qos.logback.core.rolling.RollingFileAppender[FILE] - Active log file name: reports/logs/automation.log
15:57:50,282 |-INFO in ch.qos.logback.core.rolling.RollingFileAppender[FILE] - Setting currentFileLength to 174721 for reports\logs\automation.log
15:57:50,282 |-INFO in ch.qos.logback.core.rolling.RollingFileAppender[FILE] - File property is set to [reports/logs/automation.log]
15:57:50,283 |-INFO in ch.qos.logback.classic.model.processor.LoggerModelHandler - Setting level of logger [org.openqa.selenium] to WARN
15:57:50,283 |-INFO in ch.qos.logback.classic.model.processor.LoggerModelHandler - Setting level of logger [io.github.bonigarcia] to WARN
15:57:50,283 |-INFO in ch.qos.logback.classic.model.processor.LoggerModelHandler - Setting level of logger [com.microsoft.playwright] to WARN
15:57:50,283 |-INFO in ch.qos.logback.classic.model.processor.LoggerModelHandler - Setting level of logger [io.restassured] to WARN
15:57:50,283 |-INFO in ch.qos.logback.classic.model.processor.LoggerModelHandler - Setting level of logger [org.apache.http] to WARN
15:57:50,283 |-INFO in ch.qos.logback.classic.model.processor.LoggerModelHandler - Setting level of logger [com.bootcamp.group2] to INFO
15:57:50,283 |-INFO in ch.qos.logback.classic.model.processor.RootLoggerModelHandler - Setting level of ROOT logger to INFO
15:57:50,284 |-INFO in ch.qos.logback.core.model.processor.AppenderRefModelHandler - Attaching appender named [CONSOLE] to Logger[ROOT]
15:57:50,284 |-INFO in ch.qos.logback.core.model.processor.AppenderRefModelHandler - Attaching appender named [FILE] to Logger[ROOT]
15:57:50,284 |-INFO in ch.qos.logback.core.model.processor.DefaultProcessor@476a5416 - End of configuration.
15:57:50,284 |-INFO in ch.qos.logback.classic.joran.JoranConfigurator@36e5a0fd - Registering current configuration as safe fallback point
15:57:50,284 |-INFO in ch.qos.logback.classic.util.ContextInitializer@46eb214 - ch.qos.logback.classic.util.DefaultJoranConfigurator.configure() call lasted 129 milliseconds. ExecutionStatus=DO_NOT_INVOKE_NEXT_IF_ANY

15:57:50.512 [ForkJoinPool-2-worker-1] INFO  c.b.group2.utils.ConfigManager - Loading configuration for environment: dev
15:57:50.565 [ForkJoinPool-2-worker-1] INFO  com.bootcamp.group2.hooks.Hooks - Suite started | env=dev | platform=WEB
]]></system-out>
  </testcase>
  <testcase name="Example #1.3" classname="Examples" time="0.0">
    <skipped message="&apos;cucumber.filter.tags=@cuti&apos; did not match this scenario"/>
  </testcase>
  <testcase name="Example #1.2" classname="Examples" time="0.0">
    <skipped message="&apos;cucumber.filter.tags=@cuti&apos; did not match this scenario"/>
  </testcase>
  <testcase name="Example #1.2" classname="Examples" time="0.0">
    <skipped message="&apos;cucumber.filter.tags=@cuti&apos; did not match this scenario"/>
  </testcase>
  <testcase name="Example #1.1" classname="Examples" time="0.0">
    <skipped message="&apos;cucumber.filter.tags=@cuti&apos; did not match this scenario"/>
  </testcase>
  <testcase name="Example #1.1" classname="Examples" time="0.0">
    <skipped message="&apos;cucumber.filter.tags=@cuti&apos; did not match this scenario"/>
  </testcase>
  <testcase name="Berhasil mengakses halaman Ajukan Sakit" classname="Mobile Menu Sakit" time="0.0">
    <skipped message="&apos;cucumber.filter.tags=@cuti&apos; did not match this scenario"/>
  </testcase>
  <testcase name="Mobile login fails with empty password" classname="Mobile Login — HADIR" time="0.0">
    <skipped message="&apos;cucumber.filter.tags=@cuti&apos; did not match this scenario"/>
  </testcase>
  <testcase name="Mobile login fails with empty email" classname="Mobile Login — HADIR" time="0.0">
    <skipped message="&apos;cucumber.filter.tags=@cuti&apos; did not match this scenario"/>
  </testcase>
  <testcase name="Mobile login fails with unregistered email" classname="Mobile Login — HADIR" time="0.0">
    <skipped message="&apos;cucumber.filter.tags=@cuti&apos; did not match this scenario"/>
  </testcase>
  <testcase name="Mobile login fails with incorrect password" classname="Mobile Login — HADIR" time="0.0">
    <skipped message="&apos;cucumber.filter.tags=@cuti&apos; did not match this scenario"/>
  </testcase>
  <testcase name="Mobile login successful with valid credentials" classname="Mobile Login — HADIR" time="0.0">
    <skipped message="&apos;cucumber.filter.tags=@cuti&apos; did not match this scenario"/>
  </testcase>
  <testcase name="Forgot Password button is visible on mobile login page" classname="Mobile Login — HADIR" time="0.0">
    <skipped message="&apos;cucumber.filter.tags=@cuti&apos; did not match this scenario"/>
  </testcase>
  <testcase name="Login successful with valid credentials" classname="Web Login — HADIR" time="0.0">
    <skipped message="&apos;cucumber.filter.tags=@cuti&apos; did not match this scenario"/>
  </testcase>
  <testcase name="Login fails with incorrect password" classname="Web Login — HADIR" time="0.0">
    <skipped message="&apos;cucumber.filter.tags=@cuti&apos; did not match this scenario"/>
  </testcase>
  <testcase name="Login fails with unregistered email" classname="Web Login — HADIR" time="0.0">
    <skipped message="&apos;cucumber.filter.tags=@cuti&apos; did not match this scenario"/>
  </testcase>
  <testcase name="Login fails with empty password" classname="Web Login — HADIR" time="0.0">
    <skipped message="&apos;cucumber.filter.tags=@cuti&apos; did not match this scenario"/>
  </testcase>
  <testcase name="Login fails with empty email" classname="Web Login — HADIR" time="0.0">
    <skipped message="&apos;cucumber.filter.tags=@cuti&apos; did not match this scenario"/>
  </testcase>
  <testcase name="Berhasil mengajukan cuti" classname="Mobile Menu Cuti" time="14.037">
    <system-out><![CDATA[
@mobile @cuti
Scenario: Reset form cuti                              &amp#27;[90m# features/ui/mobile/m_cuti/cuti.feature:19&amp#27;[0m

@mobile @cuti
Scenario: Berhasil mengajukan cuti                     &amp#27;[90m# features/ui/mobile/m_cuti/cuti.feature:8&amp#27;[0m
15:57:50.839 [ForkJoinPool-2-worker-3] INFO  com.bootcamp.group2.hooks.Hooks - Starting: Reset form cuti
15:57:50.839 [ForkJoinPool-2-worker-1] INFO  com.bootcamp.group2.hooks.Hooks - Starting: Berhasil mengajukan cuti
15:57:50.840 [ForkJoinPool-2-worker-1] INFO  c.b.group2.utils.DriverFactory - Initializing WebDriver | browser=chrome | headless=false | remote=false | platform=WEB
15:57:50.840 [ForkJoinPool-2-worker-3] INFO  c.b.group2.utils.DriverFactory - Initializing WebDriver | browser=chrome | headless=false | remote=false | platform=WEB
15:57:51.957 [ForkJoinPool-2-worker-3] INFO  c.b.group2.utils.DriverFactory - WebDriver successfully initialized for thread: ForkJoinPool-2-worker-3
15:57:51.957 [ForkJoinPool-2-worker-1] INFO  c.b.group2.utils.DriverFactory - WebDriver successfully initialized for thread: ForkJoinPool-2-worker-1
15:57:52.032 [ForkJoinPool-2-worker-1] INFO  c.b.g.p.mobile.login.MobileLoginPage - Opening URL: https://magang.dikahadir.com/absen/login
15:57:52.032 [ForkJoinPool-2-worker-3] INFO  c.b.g.p.mobile.login.MobileLoginPage - Opening URL: https://magang.dikahadir.com/absen/login
  &amp#27;[32mWhen &amp#27;[0m&amp#27;[32muser logs in using valid mobile credentials&amp#27;[0m     &amp#27;[90m# com.bootcamp.group2.steps.ui.mobile.login.MobileLoginSteps.userLogsInUsingValidMobileCredentials()&amp#27;[0m
  &amp#27;[32mWhen &amp#27;[0m&amp#27;[32muser logs in using valid mobile credentials&amp#27;[0m     &amp#27;[90m# com.bootcamp.group2.steps.ui.mobile.login.MobileLoginSteps.userLogsInUsingValidMobileCredentials()&amp#27;[0m
  &amp#27;[32mThen &amp#27;[0m&amp#27;[32muser successfully navigates to mobile dashboard&amp#27;[0m &amp#27;[90m# com.bootcamp.group2.steps.ui.mobile.login.MobileLoginSteps.userSuccessfullyNavigatesToMobileDashboard()&amp#27;[0m
  &amp#27;[32mThen &amp#27;[0m&amp#27;[32muser successfully navigates to mobile dashboard&amp#27;[0m &amp#27;[90m# com.bootcamp.group2.steps.ui.mobile.login.MobileLoginSteps.userSuccessfullyNavigatesToMobileDashboard()&amp#27;[0m
  &amp#27;[32mWhen &amp#27;[0m&amp#27;[32muser clicks menu Cuti&amp#27;[0m                           &amp#27;[90m# com.bootcamp.group2.steps.ui.mobile.cuti.MobileMenuCutiSteps.userClicksMenuCuti()&amp#27;[0m
  &amp#27;[32mWhen &amp#27;[0m&amp#27;[32muser clicks menu Cuti&amp#27;[0m                           &amp#27;[90m# com.bootcamp.group2.steps.ui.mobile.cuti.MobileMenuCutiSteps.userClicksMenuCuti()&amp#27;[0m
  &amp#27;[32mAnd &amp#27;[0m&amp#27;[32muser clicks button Ajukan Cuti&amp#27;[0m                   &amp#27;[90m# com.bootcamp.group2.steps.ui.mobile.cuti.MobileMenuCutiSteps.userClicksButtonAjukanCuti()&amp#27;[0m
  &amp#27;[32mAnd &amp#27;[0m&amp#27;[32muser clicks button Ajukan Cuti&amp#27;[0m                   &amp#27;[90m# com.bootcamp.group2.steps.ui.mobile.cuti.MobileMenuCutiSteps.userClicksButtonAjukanCuti()&amp#27;[0m
  &amp#27;[32mAnd &amp#27;[0m&amp#27;[32muser selects tipe cuti&amp#27;[0m                           &amp#27;[90m# com.bootcamp.group2.steps.ui.mobile.cuti.MobileMenuCutiSteps.userSelectsTipeCuti()&amp#27;[0m
  &amp#27;[32mAnd &amp#27;[0m&amp#27;[32muser selects tipe cuti&amp#27;[0m                           &amp#27;[90m# com.bootcamp.group2.steps.ui.mobile.cuti.MobileMenuCutiSteps.userSelectsTipeCuti()&amp#27;[0m
  &amp#27;[32mAnd &amp#27;[0m&amp#27;[32muser clicks Input Area Cuti&amp#27;[0m                      &amp#27;[90m# com.bootcamp.group2.steps.ui.mobile.cuti.MobileMenuCutiSteps.userClicksInputAreaCuti()&amp#27;[0m
  &amp#27;[32mAnd &amp#27;[0m&amp#27;[32muser selects today as cuti start date&amp#27;[0m            &amp#27;[90m# com.bootcamp.group2.steps.ui.mobile.cuti.MobileMenuCutiSteps.userSelectsTodayAsCutiStartDate()&amp#27;[0m
  &amp#27;[32mAnd &amp#27;[0m&amp#27;[32muser clicks Input Area Cuti&amp#27;[0m                      &amp#27;[90m# com.bootcamp.group2.steps.ui.mobile.cuti.MobileMenuCutiSteps.userClicksInputAreaCuti()&amp#27;[0m
  &amp#27;[32mAnd &amp#27;[0m&amp#27;[32muser selects cuti end date &amp#27;[0m&amp#27;[32m&amp#27;[1m2&amp#27;[0m&amp#27;[32m days from today&amp#27;[0m     &amp#27;[90m# com.bootcamp.group2.steps.ui.mobile.cuti.MobileMenuCutiSteps.userSelectsCutiEndDateDaysFromToday(int)&amp#27;[0m
  &amp#27;[32mAnd &amp#27;[0m&amp#27;[32muser selects today as cuti start date&amp#27;[0m            &amp#27;[90m# com.bootcamp.group2.steps.ui.mobile.cuti.MobileMenuCutiSteps.userSelectsTodayAsCutiStartDate()&amp#27;[0m
  &amp#27;[32mAnd &amp#27;[0m&amp#27;[32muser selects cuti end date &amp#27;[0m&amp#27;[32m&amp#27;[1m2&amp#27;[0m&amp#27;[32m days from today&amp#27;[0m     &amp#27;[90m# com.bootcamp.group2.steps.ui.mobile.cuti.MobileMenuCutiSteps.userSelectsCutiEndDateDaysFromToday(int)&amp#27;[0m
  &amp#27;[32mAnd &amp#27;[0m&amp#27;[32muser clicks button Simpan Cuti&amp#27;[0m                   &amp#27;[90m# com.bootcamp.group2.steps.ui.mobile.cuti.MobileMenuCutiSteps.userClicksButtonSimpanCuti()&amp#27;[0m
  &amp#27;[32mAnd &amp#27;[0m&amp#27;[32muser inputs random catatan&amp#27;[0m                       &amp#27;[90m# com.bootcamp.group2.steps.ui.mobile.cuti.MobileMenuCutiSteps.userInputsRandomCatatan()&amp#27;[0m
  &amp#27;[32mAnd &amp#27;[0m&amp#27;[32muser clicks button Simpan Cuti&amp#27;[0m                   &amp#27;[90m# com.bootcamp.group2.steps.ui.mobile.cuti.MobileMenuCutiSteps.userClicksButtonSimpanCuti()&amp#27;[0m
  &amp#27;[32mAnd &amp#27;[0m&amp#27;[32muser inputs random catatan&amp#27;[0m                       &amp#27;[90m# com.bootcamp.group2.steps.ui.mobile.cuti.MobileMenuCutiSteps.userInputsRandomCatatan()&amp#27;[0m
  &amp#27;[32mAnd &amp#27;[0m&amp#27;[32muser clicks button Ajukan form Cuti&amp#27;[0m              &amp#27;[90m# com.bootcamp.group2.steps.ui.mobile.cuti.MobileMenuCutiSteps.userClicksButtonAjukanFormCuti()&amp#27;[0m
15:58:04.605 [ForkJoinPool-2-worker-1] INFO  c.b.group2.utils.DriverFactory - Closing WebDriver for thread: ForkJoinPool-2-worker-1
15:58:04.742 [ForkJoinPool-2-worker-1] INFO  com.bootcamp.group2.hooks.Hooks - Finished: Berhasil mengajukan cuti — Status: PASSED
]]></system-out>
    <system-err><![CDATA[Jun 28, 2026 3:57:51 PM org.openqa.selenium.devtools.CdpVersionFinder findNearestMatch
WARNING: Unable to find CDP implementation matching 149
Jun 28, 2026 3:57:51 PM org.openqa.selenium.devtools.CdpVersionFinder findNearestMatch
WARNING: Unable to find CDP implementation matching 149
Jun 28, 2026 3:57:51 PM org.openqa.selenium.chromium.ChromiumDriver lambda$new$5
WARNING: Unable to find version of CDP to use for 149.0.7827.197. You may need to include a dependency on a specific version of the CDP using something similar to `org.seleniumhq.selenium:selenium-devtools-v86:4.27.0` where the version ("v86") matches the version of the chromium-based browser you're using and the version number of the artifact is the same as Selenium's.
Jun 28, 2026 3:57:51 PM org.openqa.selenium.chromium.ChromiumDriver lambda$new$5
WARNING: Unable to find version of CDP to use for 149.0.7827.197. You may need to include a dependency on a specific version of the CDP using something similar to `org.seleniumhq.selenium:selenium-devtools-v86:4.27.0` where the version ("v86") matches the version of the chromium-based browser you're using and the version number of the artifact is the same as Selenium's.
]]></system-err>
  </testcase>
  <testcase name="Reset form cuti" classname="Mobile Menu Cuti" time="14.529">
    <system-out><![CDATA[  &amp#27;[32mAnd &amp#27;[0m&amp#27;[32muser clicks button Reset Cuti&amp#27;[0m                    &amp#27;[90m# com.bootcamp.group2.steps.ui.mobile.cuti.MobileMenuCutiSteps.userClicksButtonResetCuti()&amp#27;[0m
15:58:05.114 [ForkJoinPool-2-worker-3] INFO  c.b.group2.utils.DriverFactory - Closing WebDriver for thread: ForkJoinPool-2-worker-3
15:58:05.241 [ForkJoinPool-2-worker-3] INFO  com.bootcamp.group2.hooks.Hooks - Finished: Reset form cuti — Status: PASSED
]]></system-out>
  </testcase>
</testsuite>